This is pdfTeX, Version 3.141592653-2.6-1.40.22 (MiKTeX 21.2) (preloaded format=pdflatex 2021.6.9)  5 AUG 2021 09:46
entering extended mode
**C:/Users/ASUS.LAPTOP-VD84FH9U/Documents/GitHub/Competitive-Programming/main.t
ex

(C:/Users/ASUS.LAPTOP-VD84FH9U/Documents/GitHub/Competitive-Programming/main.te
x
LaTeX2e <2020-10-01> patch level 4
L3 programming layer <2021-02-18> xparse <2020-03-03>
(C:\Users\ASUS.LAPTOP-VD84FH9U\AppData\Local\Programs\MiKTeX\tex/latex/base\art
icle.cls
Document Class: article 2020/04/10 v1.4m Standard LaTeX document class

(C:\Users\ASUS.LAPTOP-VD84FH9U\AppData\Local\Programs\MiKTeX\tex/latex/base\siz
e10.clo
File: size10.clo 2020/04/10 v1.4m Standard LaTeX file (size option)
)
\c@part=\count179
\c@section=\count180
\c@subsection=\count181
\c@subsubsection=\count182
\c@paragraph=\count183
\c@subparagraph=\count184
\c@figure=\count185
\c@table=\count186
\abovecaptionskip=\skip47
\belowcaptionskip=\skip48
\bibindent=\dimen138
) (monke.sty
(C:\Users\ASUS.LAPTOP-VD84FH9U\AppData\Local\Programs\MiKTeX\tex/latex/hyperref
\hyperref.sty
Package: hyperref 2021-02-10 v7.00j Hypertext links for LaTeX

(C:\Users\ASUS.LAPTOP-VD84FH9U\AppData\Local\Programs\MiKTeX\tex/generic/ltxcmd
s\ltxcmds.sty
Package: ltxcmds 2020-05-10 v1.25 LaTeX kernel commands for general use (HO)
)
(C:\Users\ASUS.LAPTOP-VD84FH9U\AppData\Local\Programs\MiKTeX\tex/generic/iftex\
iftex.sty
Package: iftex 2020/03/06 v1.0d TeX engine tests
)
(C:\Users\ASUS.LAPTOP-VD84FH9U\AppData\Local\Programs\MiKTeX\tex/generic/pdftex
cmds\pdftexcmds.sty
Package: pdftexcmds 2020-06-27 v0.33 Utility functions of pdfTeX for LuaTeX (HO
)

(C:\Users\ASUS.LAPTOP-VD84FH9U\AppData\Local\Programs\MiKTeX\tex/generic/infwar
err\infwarerr.sty
Package: infwarerr 2019/12/03 v1.5 Providing info/warning/error messages (HO)
)
Package pdftexcmds Info: \pdf@primitive is available.
Package pdftexcmds Info: \pdf@ifprimitive is available.
Package pdftexcmds Info: \pdfdraftmode found.
)
(C:\Users\ASUS.LAPTOP-VD84FH9U\AppData\Local\Programs\MiKTeX\tex/latex/graphics
\keyval.sty
Package: keyval 2014/10/28 v1.15 key=value parser (DPC)
\KV@toks@=\toks15
)
(C:\Users\ASUS.LAPTOP-VD84FH9U\AppData\Local\Programs\MiKTeX\tex/generic/kvsetk
eys\kvsetkeys.sty
Package: kvsetkeys 2019/12/15 v1.18 Key value parser (HO)
)
(C:\Users\ASUS.LAPTOP-VD84FH9U\AppData\Local\Programs\MiKTeX\tex/generic/kvdefi
nekeys\kvdefinekeys.sty
Package: kvdefinekeys 2019-12-19 v1.6 Define keys (HO)
)
(C:\Users\ASUS.LAPTOP-VD84FH9U\AppData\Local\Programs\MiKTeX\tex/generic/pdfesc
ape\pdfescape.sty
Package: pdfescape 2019/12/09 v1.15 Implements pdfTeX's escape features (HO)
)
(C:\Users\ASUS.LAPTOP-VD84FH9U\AppData\Local\Programs\MiKTeX\tex/latex/hycolor\
hycolor.sty
Package: hycolor 2020-01-27 v1.10 Color options for hyperref/bookmark (HO)
)
(C:\Users\ASUS.LAPTOP-VD84FH9U\AppData\Local\Programs\MiKTeX\tex/latex/letltxma
cro\letltxmacro.sty
Package: letltxmacro 2019/12/03 v1.6 Let assignment for LaTeX macros (HO)
)
(C:\Users\ASUS.LAPTOP-VD84FH9U\AppData\Local\Programs\MiKTeX\tex/latex/auxhook\
auxhook.sty
Package: auxhook 2019-12-17 v1.6 Hooks for auxiliary files (HO)
)
(C:\Users\ASUS.LAPTOP-VD84FH9U\AppData\Local\Programs\MiKTeX\tex/latex/kvoption
s\kvoptions.sty
Package: kvoptions 2020-10-07 v3.14 Key value format for package options (HO)
)
\@linkdim=\dimen139
\Hy@linkcounter=\count187
\Hy@pagecounter=\count188

(C:\Users\ASUS.LAPTOP-VD84FH9U\AppData\Local\Programs\MiKTeX\tex/latex/hyperref
\pd1enc.def
File: pd1enc.def 2021-02-10 v7.00j Hyperref: PDFDocEncoding definition (HO)
Now handling font encoding PD1 ...
... no UTF-8 mapping file for font encoding PD1
)
(C:\Users\ASUS.LAPTOP-VD84FH9U\AppData\Local\Programs\MiKTeX\tex/latex/hyperref
\hyperref-langpatches.def
File: hyperref-langpatches.def 2021-02-10 v7.00j Hyperref: patches for babel la
nguages
)
(C:\Users\ASUS.LAPTOP-VD84FH9U\AppData\Local\Programs\MiKTeX\tex/generic/intcal
c\intcalc.sty
Package: intcalc 2019/12/15 v1.3 Expandable calculations with integers (HO)
)
(C:\Users\ASUS.LAPTOP-VD84FH9U\AppData\Local\Programs\MiKTeX\tex/generic/etexcm
ds\etexcmds.sty
Package: etexcmds 2019/12/15 v1.7 Avoid name clashes with e-TeX commands (HO)
)
\Hy@SavedSpaceFactor=\count189

(C:\Users\ASUS.LAPTOP-VD84FH9U\AppData\Local\Programs\MiKTeX\tex/latex/hyperref
\puenc.def
File: puenc.def 2021-02-10 v7.00j Hyperref: PDF Unicode definition (HO)
Now handling font encoding PU ...
... no UTF-8 mapping file for font encoding PU
)

Package hyperref Warning: Unexpected value for option `pdftex'
(hyperref)                is ignored on input line 4073.

Package hyperref Info: Option `colorlinks' set `true' on input line 4073.
Package hyperref Info: Option `breaklinks' set `true' on input line 4073.
Package hyperref Info: Hyper figures OFF on input line 4192.
Package hyperref Info: Link nesting OFF on input line 4197.
Package hyperref Info: Hyper index ON on input line 4200.
Package hyperref Info: Plain pages OFF on input line 4207.
Package hyperref Info: Backreferencing OFF on input line 4212.
Package hyperref Info: Implicit mode ON; LaTeX internals redefined.
Package hyperref Info: Bookmarks ON on input line 4445.
\c@Hy@tempcnt=\count190

(C:\Users\ASUS.LAPTOP-VD84FH9U\AppData\Local\Programs\MiKTeX\tex/latex/url\url.
sty
\Urlmuskip=\muskip16
Package: url 2013/09/16  ver 3.4  Verb mode for urls, etc.
)
LaTeX Info: Redefining \url on input line 4804.
\XeTeXLinkMargin=\dimen140

(C:\Users\ASUS.LAPTOP-VD84FH9U\AppData\Local\Programs\MiKTeX\tex/generic/bitset
\bitset.sty
Package: bitset 2019/12/09 v1.3 Handle bit-vector datatype (HO)

(C:\Users\ASUS.LAPTOP-VD84FH9U\AppData\Local\Programs\MiKTeX\tex/generic/bigint
calc\bigintcalc.sty
Package: bigintcalc 2019/12/15 v1.5 Expandable calculations on big integers (HO
)
))
\Fld@menulength=\count191
\Field@Width=\dimen141
\Fld@charsize=\dimen142
Package hyperref Info: Hyper figures OFF on input line 6075.
Package hyperref Info: Link nesting OFF on input line 6080.
Package hyperref Info: Hyper index ON on input line 6083.
Package hyperref Info: backreferencing OFF on input line 6090.
Package hyperref Info: Link coloring ON on input line 6093.
Package hyperref Info: Link coloring with OCG OFF on input line 6100.
Package hyperref Info: PDF/A mode OFF on input line 6105.
LaTeX Info: Redefining \ref on input line 6145.
LaTeX Info: Redefining \pageref on input line 6149.

(C:\Users\ASUS.LAPTOP-VD84FH9U\AppData\Local\Programs\MiKTeX\tex/latex/base\atb
egshi-ltx.sty
Package: atbegshi-ltx 2020/08/17 v1.0a Emulation of the original atbegshi packa
ge
with kernel methods
)
\Hy@abspage=\count192
\c@Item=\count193
\c@Hfootnote=\count194
)
Package hyperref Info: Driver: hpdftex.

(C:\Users\ASUS.LAPTOP-VD84FH9U\AppData\Local\Programs\MiKTeX\tex/latex/hyperref
\hpdftex.def
File: hpdftex.def 2021-02-10 v7.00j Hyperref driver for pdfTeX

(C:\Users\ASUS.LAPTOP-VD84FH9U\AppData\Local\Programs\MiKTeX\tex/latex/base\atv
eryend-ltx.sty
Package: atveryend-ltx 2020/08/19 v1.0a Emulation of the original atvery packag
e
with kernel methods
)
\Fld@listcount=\count195
\c@bookmark@seq@number=\count196

(C:\Users\ASUS.LAPTOP-VD84FH9U\AppData\Local\Programs\MiKTeX\tex/latex/rerunfil
echeck\rerunfilecheck.sty
Package: rerunfilecheck 2019/12/05 v1.9 Rerun checks for auxiliary files (HO)

(C:\Users\ASUS.LAPTOP-VD84FH9U\AppData\Local\Programs\MiKTeX\tex/generic/unique
counter\uniquecounter.sty
Package: uniquecounter 2019/12/15 v1.4 Provide unlimited unique counter (HO)
)
Package uniquecounter Info: New unique counter `rerunfilecheck' on input line 2
86.
)
\Hy@SectionHShift=\skip49
)
(C:\Users\ASUS.LAPTOP-VD84FH9U\AppData\Local\Programs\MiKTeX\tex/latex/quotchap
\quotchap.sty
Package: quotchap 2020/11/13 v1.3 Decorative Chapter Headings with Quotes

(C:\Users\ASUS.LAPTOP-VD84FH9U\AppData\Local\Programs\MiKTeX\tex/latex/graphics
\color.sty
Package: color 2020/02/24 v1.2b Standard LaTeX Color (DPC)

(C:\Users\ASUS.LAPTOP-VD84FH9U\AppData\Local\Programs\MiKTeX\tex/latex/graphics
-cfg\color.cfg
File: color.cfg 2016/01/02 v1.6 sample color configuration
)
Package color Info: Driver file: pdftex.def on input line 147.

(C:\Users\ASUS.LAPTOP-VD84FH9U\AppData\Local\Programs\MiKTeX\tex/latex/graphics
-def\pdftex.def
File: pdftex.def 2020/10/05 v1.2a Graphics/color driver for pdftex
))
\@quotebox=\box47


! LaTeX Error: Command \chapter undefined.

See the LaTeX manual or LaTeX Companion for explanation.
Type  H <return>  for immediate help.
 ...                                              
                                                  
l.112 \renewcommand\chapter
                           {%
Try typing  <return>  to proceed.
If that doesn't work, type  X <return>  to quit.


! LaTeX Error: Command \@makechapterhead undefined.

See the LaTeX manual or LaTeX Companion for explanation.
Type  H <return>  for immediate help.
 ...                                              
                                                  
l.119 \renewcommand{\@makechapterhead}
                                      [1]{\chapterheadstartvskip%
Try typing  <return>  to proceed.
If that doesn't work, type  X <return>  to quit.


! LaTeX Error: Command \@makeschapterhead undefined.

See the LaTeX manual or LaTeX Companion for explanation.
Type  H <return>  for immediate help.
 ...                                              
                                                  
l.128 \renewcommand{\@makeschapterhead}
                                       [1]{%
Try typing  <return>  to proceed.
If that doesn't work, type  X <return>  to quit.

)
(C:\Users\ASUS.LAPTOP-VD84FH9U\AppData\Local\Programs\MiKTeX\tex/latex/base\inp
utenc.sty
Package: inputenc 2020/08/01 v1.3d Input encoding file
\inpenc@prehook=\toks16
\inpenc@posthook=\toks17
)
(C:\Users\ASUS.LAPTOP-VD84FH9U\AppData\Local\Programs\MiKTeX\tex/latex/base\fon
tenc.sty
Package: fontenc 2020/08/10 v2.0s Standard LaTeX package
)
(C:\Users\ASUS.LAPTOP-VD84FH9U\AppData\Local\Programs\MiKTeX\tex/generic/babel\
babel.sty
Package: babel 2021/01/26 3.53 The Babel package

(C:\Users\ASUS.LAPTOP-VD84FH9U\AppData\Local\Programs\MiKTeX\tex/generic/babel\
babel.def
File: babel.def 2021/01/26 3.53 Babel common definitions
\babel@savecnt=\count197
\U@D=\dimen143
\l@babelnohyphens=\language79

(C:\Users\ASUS.LAPTOP-VD84FH9U\AppData\Local\Programs\MiKTeX\tex/generic/babel\
txtbabel.def)
\bbl@readstream=\read2
)
\bbl@dirlevel=\count198

*************************************
* Local config file bblopts.cfg used
*

(C:\Users\ASUS.LAPTOP-VD84FH9U\AppData\Local\Programs\MiKTeX\tex/latex/arabi\bb
lopts.cfg
File: bblopts.cfg 2005/09/08 v0.1 add Arabic and Farsi to "declared" options of
 babel
)
(C:\Users\ASUS.LAPTOP-VD84FH9U\AppData\Local\Programs\MiKTeX\tex/latex/babel-ge
rman\ngerman.ldf
Language: ngerman 2021/02/27 v2.13 German support for babel (post-1996 orthogra
phy)

(C:\Users\ASUS.LAPTOP-VD84FH9U\AppData\Local\Programs\MiKTeX\tex/latex/babel-ge
rman\ngermanb.ldf
Language: ngermanb 2021/02/27 v2.13 German support for babel (post-1996 orthogr
aphy)
Package babel Info: Making " an active character on input line 122.
))
(C:\Users\ASUS.LAPTOP-VD84FH9U\AppData\Local\Programs\MiKTeX\tex/latex/babel-en
glish\english.ldf
Language: english 2017/06/06 v3.3r English support from the babel system
Package babel Info: \l@canadian = using hyphenrules for english
(babel)             (\language0) on input line 102.
Package babel Info: \l@australian = using hyphenrules for ukenglish
(babel)             (\language73) on input line 105.
Package babel Info: \l@newzealand = using hyphenrules for ukenglish
(babel)             (\language73) on input line 108.
))
(C:\Users\ASUS.LAPTOP-VD84FH9U\AppData\Local\Programs\MiKTeX\tex/latex/pdfcomme
nt\pdfcomment.sty
Package: pdfcomment 2018/11/01 pdfcomment.sty v2.4a - Josef Kleber (C) 2008-201
2, 2015-2016, 2018

(C:\Users\ASUS.LAPTOP-VD84FH9U\AppData\Local\Programs\MiKTeX\tex/latex/xkeyval\
xkeyval.sty
Package: xkeyval 2020/11/20 v2.8 package option processing (HA)

(C:\Users\ASUS.LAPTOP-VD84FH9U\AppData\Local\Programs\MiKTeX\tex/generic/xkeyva
l\xkeyval.tex
(C:\Users\ASUS.LAPTOP-VD84FH9U\AppData\Local\Programs\MiKTeX\tex/generic/xkeyva
l\xkvutils.tex
\XKV@toks=\toks18
\XKV@tempa@toks=\toks19
)
\XKV@depth=\count199
File: xkeyval.tex 2014/12/03 v2.7a key=value parser (HA)
))
\c@pc@count@i=\count266
\c@pc@count@ii=\count267
\c@pc@count@iii=\count268
\c@pc@count@iv=\count269
\pc@mathannot@box=\box48
\pc@nullbox=\box49
\pc@dima=\skip50
\pc@dimb=\skip51
\pc@Sposx=\skip52
\pc@Sposy=\skip53
\pc@Eposx=\skip54
\pc@Eposy=\skip55
\pc@column=\skip56
\pc@box@width=\skip57
\pc@box@height=\skip58
\pc@box@depth=\skip59

(C:\Users\ASUS.LAPTOP-VD84FH9U\AppData\Local\Programs\MiKTeX\tex/latex/etoolbox
\etoolbox.sty
Package: etoolbox 2020/10/05 v2.5k e-TeX tools for LaTeX (JAW)
\etb@tempcnta=\count270
)
(C:\Users\ASUS.LAPTOP-VD84FH9U\AppData\Local\Programs\MiKTeX\tex/latex/datetime
2\datetime2.sty
Package: datetime2 2021/03/21 v1.5.7 (NLCT) date and time formats

(C:\Users\ASUS.LAPTOP-VD84FH9U\AppData\Local\Programs\MiKTeX\tex/latex/tracklan
g\tracklang.sty
Package: tracklang 2020/06/30 v1.5 (NLCT) Track Languages

(C:\Users\ASUS.LAPTOP-VD84FH9U\AppData\Local\Programs\MiKTeX\tex/generic/trackl
ang\tracklang.tex))
(C:\Users\ASUS.LAPTOP-VD84FH9U\AppData\Local\Programs\MiKTeX\tex/latex/datetime
2-english\datetime2-english.ldf
File: datetime2-english.ldf 2019/10/21 v1.05 (NLCT)

(C:\Users\ASUS.LAPTOP-VD84FH9U\AppData\Local\Programs\MiKTeX\tex/latex/datetime
2-english\datetime2-english-base.ldf
File: datetime2-english-base.ldf 2019/10/21 v1.05 (NLCT)
))
(C:\Users\ASUS.LAPTOP-VD84FH9U\AppData\Local\Programs\MiKTeX\tex/latex/datetime
2-german\datetime2-german.ldf
File: datetime2-german.ldf 2019/12/13 v3.0

(C:\Users\ASUS.LAPTOP-VD84FH9U\AppData\Local\Programs\MiKTeX\tex/latex/datetime
2-german\datetime2-german-base.ldf
File: datetime2-german-base.ldf 2019/12/13 v3.0

(C:\Users\ASUS.LAPTOP-VD84FH9U\AppData\Local\Programs\MiKTeX\tex/generic/iftex\
ifxetex.sty
Package: ifxetex 2019/10/25 v0.7 ifxetex legacy package. Use iftex instead.
)
(C:\Users\ASUS.LAPTOP-VD84FH9U\AppData\Local\Programs\MiKTeX\tex/generic/iftex\
ifluatex.sty
Package: ifluatex 2019/10/25 v1.5 ifluatex legacy package. Use iftex instead.
)
(C:\Users\ASUS.LAPTOP-VD84FH9U\AppData\Local\Programs\MiKTeX\tex/latex/datetime
2-german\datetime2-german-base-ascii.ldf
File: datetime2-german-base-ascii.ldf 2019/12/13 v3.0
))))
(C:\Users\ASUS.LAPTOP-VD84FH9U\AppData\Local\Programs\MiKTeX\tex/latex/zref\zre
f-savepos.sty
Package: zref-savepos 2020-07-03 v2.32 Module savepos for zref (HO)

(C:\Users\ASUS.LAPTOP-VD84FH9U\AppData\Local\Programs\MiKTeX\tex/latex/zref\zre
f-base.sty
Package: zref-base 2020-07-03 v2.32 Module base for zref (HO)
Package zref Info: New property list: main on input line 764.
Package zref Info: New property: default on input line 765.
Package zref Info: New property: page on input line 766.
)
Package zref Info: New property list: savepos on input line 80.
Package zref Info: New property: posx on input line 82.
Package zref Info: New property: posy on input line 83.
)
\c@zref@unique=\count271

(C:\Users\ASUS.LAPTOP-VD84FH9U\AppData\Local\Programs\MiKTeX\tex/latex/refcount
\refcount.sty
Package: refcount 2019/12/15 v3.6 Data extraction from label references (HO)
)
(C:\Users\ASUS.LAPTOP-VD84FH9U\AppData\Local\Programs\MiKTeX\tex/latex/base\ift
hen.sty
Package: ifthen 2014/09/29 v1.1c Standard LaTeX ifthen package (DPC)
)
(C:\Users\ASUS.LAPTOP-VD84FH9U\AppData\Local\Programs\MiKTeX\tex/latex/latex-to
ols\calc.sty
Package: calc 2017/05/25 v4.3 Infix arithmetic (KKT,FJ)
\calc@Acount=\count272
\calc@Bcount=\count273
\calc@Adimen=\dimen144
\calc@Bdimen=\dimen145
\calc@Askip=\skip60
\calc@Bskip=\skip61
LaTeX Info: Redefining \setlength on input line 80.
LaTeX Info: Redefining \addtolength on input line 81.
\calc@Ccount=\count274
\calc@Cskip=\skip62
)
(C:\Users\ASUS.LAPTOP-VD84FH9U\AppData\Local\Programs\MiKTeX\tex/latex/marginno
te\marginnote.sty
Package: marginnote 2018/08/09 v1.4b non floating margin notes for LaTeX
\c@mn@abspage=\count275
)
(C:\Users\ASUS.LAPTOP-VD84FH9U\AppData\Local\Programs\MiKTeX\tex/generic/iftex\
ifpdf.sty
Package: ifpdf 2019/10/25 v3.4 ifpdf legacy package. Use iftex instead.
)
(C:\Users\ASUS.LAPTOP-VD84FH9U\AppData\Local\Programs\MiKTeX\tex/latex/soulpos\
soulpos.sty
Package: soulpos 2012/02/25 v1.1 Fancy underlining
\ulp@subcnt=\count276
\ulp@cnt=\count277
\ulp@out=\write3
\ulp@in=\read3
\ulwidth=\dimen146
)

Package hyperref Warning: Option `pdftex' has already been used,
(hyperref)                setting the option has no effect on input line 1369.

Package zref Info: New property list: pdfcomment on input line 2735.
Package zref Info: New property: PCPDFOBJID on input line 2736.
)
(C:\Users\ASUS.LAPTOP-VD84FH9U\AppData\Local\Programs\MiKTeX\tex/latex/todonote
s\todonotes.sty
Package: todonotes 2021/06/04 v1.1.5 Todonotes source and documentation.
Package: todonotes 2021/06/04

(C:\Users\ASUS.LAPTOP-VD84FH9U\AppData\Local\Programs\MiKTeX\tex/latex/xcolor\x
color.sty
Package: xcolor 2016/05/11 v2.12 LaTeX color extensions (UK)

(C:\Users\ASUS.LAPTOP-VD84FH9U\AppData\Local\Programs\MiKTeX\tex/latex/graphics
-cfg\color.cfg
File: color.cfg 2016/01/02 v1.6 sample color configuration
)
Package xcolor Info: Driver file: pdftex.def on input line 225.
LaTeX Info: Redefining \color on input line 709.
Package xcolor Info: Model `cmy' substituted by `cmy0' on input line 1348.
Package xcolor Info: Model `hsb' substituted by `rgb' on input line 1352.
Package xcolor Info: Model `RGB' extended on input line 1364.
Package xcolor Info: Model `HTML' substituted by `rgb' on input line 1366.
Package xcolor Info: Model `Hsb' substituted by `hsb' on input line 1367.
Package xcolor Info: Model `tHsb' substituted by `hsb' on input line 1368.
Package xcolor Info: Model `HSB' substituted by `hsb' on input line 1369.
Package xcolor Info: Model `Gray' substituted by `gray' on input line 1370.
Package xcolor Info: Model `wave' substituted by `hsb' on input line 1371.
)
(C:\Users\ASUS.LAPTOP-VD84FH9U\AppData\Local\Programs\MiKTeX\tex/latex/pgf/fron
tendlayer\tikz.sty
(C:\Users\ASUS.LAPTOP-VD84FH9U\AppData\Local\Programs\MiKTeX\tex/latex/pgf/basi
clayer\pgf.sty
(C:\Users\ASUS.LAPTOP-VD84FH9U\AppData\Local\Programs\MiKTeX\tex/latex/pgf/util
ities\pgfrcs.sty
(C:\Users\ASUS.LAPTOP-VD84FH9U\AppData\Local\Programs\MiKTeX\tex/generic/pgf/ut
ilities\pgfutil-common.tex
\pgfutil@everybye=\toks20
\pgfutil@tempdima=\dimen147
\pgfutil@tempdimb=\dimen148

(C:\Users\ASUS.LAPTOP-VD84FH9U\AppData\Local\Programs\MiKTeX\tex/generic/pgf/ut
ilities\pgfutil-common-lists.tex))
(C:\Users\ASUS.LAPTOP-VD84FH9U\AppData\Local\Programs\MiKTeX\tex/generic/pgf/ut
ilities\pgfutil-latex.def
\pgfutil@abb=\box50
)
(C:\Users\ASUS.LAPTOP-VD84FH9U\AppData\Local\Programs\MiKTeX\tex/generic/pgf/ut
ilities\pgfrcs.code.tex
(C:\Users\ASUS.LAPTOP-VD84FH9U\AppData\Local\Programs\MiKTeX\tex/generic/pgf\pg
f.revision.tex)
Package: pgfrcs 2020/12/27 v3.1.8b (3.1.8b)
))
Package: pgf 2020/12/27 v3.1.8b (3.1.8b)

(C:\Users\ASUS.LAPTOP-VD84FH9U\AppData\Local\Programs\MiKTeX\tex/latex/pgf/basi
clayer\pgfcore.sty
(C:\Users\ASUS.LAPTOP-VD84FH9U\AppData\Local\Programs\MiKTeX\tex/latex/graphics
\graphicx.sty
Package: graphicx 2020/09/09 v1.2b Enhanced LaTeX Graphics (DPC,SPQR)

(C:\Users\ASUS.LAPTOP-VD84FH9U\AppData\Local\Programs\MiKTeX\tex/latex/graphics
\graphics.sty
Package: graphics 2020/08/30 v1.4c Standard LaTeX Graphics (DPC,SPQR)

(C:\Users\ASUS.LAPTOP-VD84FH9U\AppData\Local\Programs\MiKTeX\tex/latex/graphics
\trig.sty
Package: trig 2016/01/03 v1.10 sin cos tan (DPC)
)
(C:\Users\ASUS.LAPTOP-VD84FH9U\AppData\Local\Programs\MiKTeX\tex/latex/graphics
-cfg\graphics.cfg
File: graphics.cfg 2016/06/04 v1.11 sample graphics configuration
)
Package graphics Info: Driver file: pdftex.def on input line 105.
)
\Gin@req@height=\dimen149
\Gin@req@width=\dimen150
)
(C:\Users\ASUS.LAPTOP-VD84FH9U\AppData\Local\Programs\MiKTeX\tex/latex/pgf/syst
emlayer\pgfsys.sty
(C:\Users\ASUS.LAPTOP-VD84FH9U\AppData\Local\Programs\MiKTeX\tex/generic/pgf/sy
stemlayer\pgfsys.code.tex
Package: pgfsys 2020/12/27 v3.1.8b (3.1.8b)

(C:\Users\ASUS.LAPTOP-VD84FH9U\AppData\Local\Programs\MiKTeX\tex/generic/pgf/ut
ilities\pgfkeys.code.tex
\pgfkeys@pathtoks=\toks21
\pgfkeys@temptoks=\toks22

(C:\Users\ASUS.LAPTOP-VD84FH9U\AppData\Local\Programs\MiKTeX\tex/generic/pgf/ut
ilities\pgfkeysfiltered.code.tex
\pgfkeys@tmptoks=\toks23
))
\pgf@x=\dimen151
\pgf@y=\dimen152
\pgf@xa=\dimen153
\pgf@ya=\dimen154
\pgf@xb=\dimen155
\pgf@yb=\dimen156
\pgf@xc=\dimen157
\pgf@yc=\dimen158
\pgf@xd=\dimen159
\pgf@yd=\dimen160
\w@pgf@writea=\write4
\r@pgf@reada=\read4
\c@pgf@counta=\count278
\c@pgf@countb=\count279
\c@pgf@countc=\count280
\c@pgf@countd=\count281
\t@pgf@toka=\toks24
\t@pgf@tokb=\toks25
\t@pgf@tokc=\toks26
\pgf@sys@id@count=\count282

(C:\Users\ASUS.LAPTOP-VD84FH9U\AppData\Local\Programs\MiKTeX\tex/generic/pgf/sy
stemlayer\pgf.cfg
File: pgf.cfg 2020/12/27 v3.1.8b (3.1.8b)
)
Driver file for pgf: pgfsys-pdftex.def

(C:\Users\ASUS.LAPTOP-VD84FH9U\AppData\Local\Programs\MiKTeX\tex/generic/pgf/sy
stemlayer\pgfsys-pdftex.def
File: pgfsys-pdftex.def 2020/12/27 v3.1.8b (3.1.8b)

(C:\Users\ASUS.LAPTOP-VD84FH9U\AppData\Local\Programs\MiKTeX\tex/generic/pgf/sy
stemlayer\pgfsys-common-pdf.def
File: pgfsys-common-pdf.def 2020/12/27 v3.1.8b (3.1.8b)
)))
(C:\Users\ASUS.LAPTOP-VD84FH9U\AppData\Local\Programs\MiKTeX\tex/generic/pgf/sy
stemlayer\pgfsyssoftpath.code.tex
File: pgfsyssoftpath.code.tex 2020/12/27 v3.1.8b (3.1.8b)
\pgfsyssoftpath@smallbuffer@items=\count283
\pgfsyssoftpath@bigbuffer@items=\count284
)
(C:\Users\ASUS.LAPTOP-VD84FH9U\AppData\Local\Programs\MiKTeX\tex/generic/pgf/sy
stemlayer\pgfsysprotocol.code.tex
File: pgfsysprotocol.code.tex 2020/12/27 v3.1.8b (3.1.8b)
))
(C:\Users\ASUS.LAPTOP-VD84FH9U\AppData\Local\Programs\MiKTeX\tex/generic/pgf/ba
siclayer\pgfcore.code.tex
Package: pgfcore 2020/12/27 v3.1.8b (3.1.8b)

(C:\Users\ASUS.LAPTOP-VD84FH9U\AppData\Local\Programs\MiKTeX\tex/generic/pgf/ma
th\pgfmath.code.tex
(C:\Users\ASUS.LAPTOP-VD84FH9U\AppData\Local\Programs\MiKTeX\tex/generic/pgf/ma
th\pgfmathcalc.code.tex
(C:\Users\ASUS.LAPTOP-VD84FH9U\AppData\Local\Programs\MiKTeX\tex/generic/pgf/ma
th\pgfmathutil.code.tex)
(C:\Users\ASUS.LAPTOP-VD84FH9U\AppData\Local\Programs\MiKTeX\tex/generic/pgf/ma
th\pgfmathparser.code.tex
\pgfmath@dimen=\dimen161
\pgfmath@count=\count285
\pgfmath@box=\box51
\pgfmath@toks=\toks27
\pgfmath@stack@operand=\toks28
\pgfmath@stack@operation=\toks29
)
(C:\Users\ASUS.LAPTOP-VD84FH9U\AppData\Local\Programs\MiKTeX\tex/generic/pgf/ma
th\pgfmathfunctions.code.tex
(C:\Users\ASUS.LAPTOP-VD84FH9U\AppData\Local\Programs\MiKTeX\tex/generic/pgf/ma
th\pgfmathfunctions.basic.code.tex)
(C:\Users\ASUS.LAPTOP-VD84FH9U\AppData\Local\Programs\MiKTeX\tex/generic/pgf/ma
th\pgfmathfunctions.trigonometric.code.tex)
(C:\Users\ASUS.LAPTOP-VD84FH9U\AppData\Local\Programs\MiKTeX\tex/generic/pgf/ma
th\pgfmathfunctions.random.code.tex)
(C:\Users\ASUS.LAPTOP-VD84FH9U\AppData\Local\Programs\MiKTeX\tex/generic/pgf/ma
th\pgfmathfunctions.comparison.code.tex)
(C:\Users\ASUS.LAPTOP-VD84FH9U\AppData\Local\Programs\MiKTeX\tex/generic/pgf/ma
th\pgfmathfunctions.base.code.tex)
(C:\Users\ASUS.LAPTOP-VD84FH9U\AppData\Local\Programs\MiKTeX\tex/generic/pgf/ma
th\pgfmathfunctions.round.code.tex)
(C:\Users\ASUS.LAPTOP-VD84FH9U\AppData\Local\Programs\MiKTeX\tex/generic/pgf/ma
th\pgfmathfunctions.misc.code.tex)
(C:\Users\ASUS.LAPTOP-VD84FH9U\AppData\Local\Programs\MiKTeX\tex/generic/pgf/ma
th\pgfmathfunctions.integerarithmetics.code.tex)))
(C:\Users\ASUS.LAPTOP-VD84FH9U\AppData\Local\Programs\MiKTeX\tex/generic/pgf/ma
th\pgfmathfloat.code.tex
\c@pgfmathroundto@lastzeros=\count286
))
(C:\Users\ASUS.LAPTOP-VD84FH9U\AppData\Local\Programs\MiKTeX\tex/generic/pgf/ma
th\pgfint.code.tex)
(C:\Users\ASUS.LAPTOP-VD84FH9U\AppData\Local\Programs\MiKTeX\tex/generic/pgf/ba
siclayer\pgfcorepoints.code.tex
File: pgfcorepoints.code.tex 2020/12/27 v3.1.8b (3.1.8b)
\pgf@picminx=\dimen162
\pgf@picmaxx=\dimen163
\pgf@picminy=\dimen164
\pgf@picmaxy=\dimen165
\pgf@pathminx=\dimen166
\pgf@pathmaxx=\dimen167
\pgf@pathminy=\dimen168
\pgf@pathmaxy=\dimen169
\pgf@xx=\dimen170
\pgf@xy=\dimen171
\pgf@yx=\dimen172
\pgf@yy=\dimen173
\pgf@zx=\dimen174
\pgf@zy=\dimen175
)
(C:\Users\ASUS.LAPTOP-VD84FH9U\AppData\Local\Programs\MiKTeX\tex/generic/pgf/ba
siclayer\pgfcorepathconstruct.code.tex
File: pgfcorepathconstruct.code.tex 2020/12/27 v3.1.8b (3.1.8b)
\pgf@path@lastx=\dimen176
\pgf@path@lasty=\dimen177
)
(C:\Users\ASUS.LAPTOP-VD84FH9U\AppData\Local\Programs\MiKTeX\tex/generic/pgf/ba
siclayer\pgfcorepathusage.code.tex
File: pgfcorepathusage.code.tex 2020/12/27 v3.1.8b (3.1.8b)
\pgf@shorten@end@additional=\dimen178
\pgf@shorten@start@additional=\dimen179
)
(C:\Users\ASUS.LAPTOP-VD84FH9U\AppData\Local\Programs\MiKTeX\tex/generic/pgf/ba
siclayer\pgfcorescopes.code.tex
File: pgfcorescopes.code.tex 2020/12/27 v3.1.8b (3.1.8b)
\pgfpic=\box52
\pgf@hbox=\box53
\pgf@layerbox@main=\box54
\pgf@picture@serial@count=\count287
)
(C:\Users\ASUS.LAPTOP-VD84FH9U\AppData\Local\Programs\MiKTeX\tex/generic/pgf/ba
siclayer\pgfcoregraphicstate.code.tex
File: pgfcoregraphicstate.code.tex 2020/12/27 v3.1.8b (3.1.8b)
\pgflinewidth=\dimen180
)
(C:\Users\ASUS.LAPTOP-VD84FH9U\AppData\Local\Programs\MiKTeX\tex/generic/pgf/ba
siclayer\pgfcoretransformations.code.tex
File: pgfcoretransformations.code.tex 2020/12/27 v3.1.8b (3.1.8b)
\pgf@pt@x=\dimen181
\pgf@pt@y=\dimen182
\pgf@pt@temp=\dimen183
)
(C:\Users\ASUS.LAPTOP-VD84FH9U\AppData\Local\Programs\MiKTeX\tex/generic/pgf/ba
siclayer\pgfcorequick.code.tex
File: pgfcorequick.code.tex 2020/12/27 v3.1.8b (3.1.8b)
)
(C:\Users\ASUS.LAPTOP-VD84FH9U\AppData\Local\Programs\MiKTeX\tex/generic/pgf/ba
siclayer\pgfcoreobjects.code.tex
File: pgfcoreobjects.code.tex 2020/12/27 v3.1.8b (3.1.8b)
)
(C:\Users\ASUS.LAPTOP-VD84FH9U\AppData\Local\Programs\MiKTeX\tex/generic/pgf/ba
siclayer\pgfcorepathprocessing.code.tex
File: pgfcorepathprocessing.code.tex 2020/12/27 v3.1.8b (3.1.8b)
)
(C:\Users\ASUS.LAPTOP-VD84FH9U\AppData\Local\Programs\MiKTeX\tex/generic/pgf/ba
siclayer\pgfcorearrows.code.tex
File: pgfcorearrows.code.tex 2020/12/27 v3.1.8b (3.1.8b)
\pgfarrowsep=\dimen184
)
(C:\Users\ASUS.LAPTOP-VD84FH9U\AppData\Local\Programs\MiKTeX\tex/generic/pgf/ba
siclayer\pgfcoreshade.code.tex
File: pgfcoreshade.code.tex 2020/12/27 v3.1.8b (3.1.8b)
\pgf@max=\dimen185
\pgf@sys@shading@range@num=\count288
\pgf@shadingcount=\count289
)
(C:\Users\ASUS.LAPTOP-VD84FH9U\AppData\Local\Programs\MiKTeX\tex/generic/pgf/ba
siclayer\pgfcoreimage.code.tex
File: pgfcoreimage.code.tex 2020/12/27 v3.1.8b (3.1.8b)

(C:\Users\ASUS.LAPTOP-VD84FH9U\AppData\Local\Programs\MiKTeX\tex/generic/pgf/ba
siclayer\pgfcoreexternal.code.tex
File: pgfcoreexternal.code.tex 2020/12/27 v3.1.8b (3.1.8b)
\pgfexternal@startupbox=\box55
))
(C:\Users\ASUS.LAPTOP-VD84FH9U\AppData\Local\Programs\MiKTeX\tex/generic/pgf/ba
siclayer\pgfcorelayers.code.tex
File: pgfcorelayers.code.tex 2020/12/27 v3.1.8b (3.1.8b)
)
(C:\Users\ASUS.LAPTOP-VD84FH9U\AppData\Local\Programs\MiKTeX\tex/generic/pgf/ba
siclayer\pgfcoretransparency.code.tex
File: pgfcoretransparency.code.tex 2020/12/27 v3.1.8b (3.1.8b)
)
(C:\Users\ASUS.LAPTOP-VD84FH9U\AppData\Local\Programs\MiKTeX\tex/generic/pgf/ba
siclayer\pgfcorepatterns.code.tex
File: pgfcorepatterns.code.tex 2020/12/27 v3.1.8b (3.1.8b)
)
(C:\Users\ASUS.LAPTOP-VD84FH9U\AppData\Local\Programs\MiKTeX\tex/generic/pgf/ba
siclayer\pgfcorerdf.code.tex
File: pgfcorerdf.code.tex 2020/12/27 v3.1.8b (3.1.8b)
)))
(C:\Users\ASUS.LAPTOP-VD84FH9U\AppData\Local\Programs\MiKTeX\tex/generic/pgf/mo
dules\pgfmoduleshapes.code.tex
File: pgfmoduleshapes.code.tex 2020/12/27 v3.1.8b (3.1.8b)
\pgfnodeparttextbox=\box56
)
(C:\Users\ASUS.LAPTOP-VD84FH9U\AppData\Local\Programs\MiKTeX\tex/generic/pgf/mo
dules\pgfmoduleplot.code.tex
File: pgfmoduleplot.code.tex 2020/12/27 v3.1.8b (3.1.8b)
)
(C:\Users\ASUS.LAPTOP-VD84FH9U\AppData\Local\Programs\MiKTeX\tex/latex/pgf/comp
atibility\pgfcomp-version-0-65.sty
Package: pgfcomp-version-0-65 2020/12/27 v3.1.8b (3.1.8b)
\pgf@nodesepstart=\dimen186
\pgf@nodesepend=\dimen187
)
(C:\Users\ASUS.LAPTOP-VD84FH9U\AppData\Local\Programs\MiKTeX\tex/latex/pgf/comp
atibility\pgfcomp-version-1-18.sty
Package: pgfcomp-version-1-18 2020/12/27 v3.1.8b (3.1.8b)
))
(C:\Users\ASUS.LAPTOP-VD84FH9U\AppData\Local\Programs\MiKTeX\tex/latex/pgf/util
ities\pgffor.sty
(C:\Users\ASUS.LAPTOP-VD84FH9U\AppData\Local\Programs\MiKTeX\tex/latex/pgf/util
ities\pgfkeys.sty
(C:\Users\ASUS.LAPTOP-VD84FH9U\AppData\Local\Programs\MiKTeX\tex/generic/pgf/ut
ilities\pgfkeys.code.tex))
(C:\Users\ASUS.LAPTOP-VD84FH9U\AppData\Local\Programs\MiKTeX\tex/latex/pgf/math
\pgfmath.sty
(C:\Users\ASUS.LAPTOP-VD84FH9U\AppData\Local\Programs\MiKTeX\tex/generic/pgf/ma
th\pgfmath.code.tex))
(C:\Users\ASUS.LAPTOP-VD84FH9U\AppData\Local\Programs\MiKTeX\tex/generic/pgf/ut
ilities\pgffor.code.tex
Package: pgffor 2020/12/27 v3.1.8b (3.1.8b)

(C:\Users\ASUS.LAPTOP-VD84FH9U\AppData\Local\Programs\MiKTeX\tex/generic/pgf/ma
th\pgfmath.code.tex)
\pgffor@iter=\dimen188
\pgffor@skip=\dimen189
\pgffor@stack=\toks30
\pgffor@toks=\toks31
))
(C:\Users\ASUS.LAPTOP-VD84FH9U\AppData\Local\Programs\MiKTeX\tex/generic/pgf/fr
ontendlayer/tikz\tikz.code.tex
Package: tikz 2020/12/27 v3.1.8b (3.1.8b)

(C:\Users\ASUS.LAPTOP-VD84FH9U\AppData\Local\Programs\MiKTeX\tex/generic/pgf/li
braries\pgflibraryplothandlers.code.tex
File: pgflibraryplothandlers.code.tex 2020/12/27 v3.1.8b (3.1.8b)
\pgf@plot@mark@count=\count290
\pgfplotmarksize=\dimen190
)
\tikz@lastx=\dimen191
\tikz@lasty=\dimen192
\tikz@lastxsaved=\dimen193
\tikz@lastysaved=\dimen194
\tikz@lastmovetox=\dimen195
\tikz@lastmovetoy=\dimen196
\tikzleveldistance=\dimen197
\tikzsiblingdistance=\dimen198
\tikz@figbox=\box57
\tikz@figbox@bg=\box58
\tikz@tempbox=\box59
\tikz@tempbox@bg=\box60
\tikztreelevel=\count291
\tikznumberofchildren=\count292
\tikznumberofcurrentchild=\count293
\tikz@fig@count=\count294

(C:\Users\ASUS.LAPTOP-VD84FH9U\AppData\Local\Programs\MiKTeX\tex/generic/pgf/mo
dules\pgfmodulematrix.code.tex
File: pgfmodulematrix.code.tex 2020/12/27 v3.1.8b (3.1.8b)
\pgfmatrixcurrentrow=\count295
\pgfmatrixcurrentcolumn=\count296
\pgf@matrix@numberofcolumns=\count297
)
\tikz@expandcount=\count298

(C:\Users\ASUS.LAPTOP-VD84FH9U\AppData\Local\Programs\MiKTeX\tex/generic/pgf/fr
ontendlayer/tikz/libraries\tikzlibrarytopaths.code.tex
File: tikzlibrarytopaths.code.tex 2020/12/27 v3.1.8b (3.1.8b)
)))
(C:\Users\ASUS.LAPTOP-VD84FH9U\AppData\Local\Programs\MiKTeX\tex/generic/pgf/fr
ontendlayer/tikz/libraries\tikzlibrarypositioning.code.tex
File: tikzlibrarypositioning.code.tex 2020/12/27 v3.1.8b (3.1.8b)
)
\c@@todonotes@numberoftodonotes=\count299
)
(C:\Users\ASUS.LAPTOP-VD84FH9U\AppData\Local\Programs\MiKTeX\tex/latex/mdwtools
\mdwlist.sty
Package: mdwlist 1996/05/02 1.1 Various list-related things
)
(C:\Users\ASUS.LAPTOP-VD84FH9U\AppData\Local\Programs\MiKTeX\tex/latex/abstract
\abstract.sty
Package: abstract 2009/06/08 v1.2a configurable abstracts
\abstitleskip=\skip63
\absleftindent=\skip64
\absrightindent=\skip65
\absparindent=\skip66
\absparsep=\skip67
)
(C:\Users\ASUS.LAPTOP-VD84FH9U\AppData\Local\Programs\MiKTeX\tex/latex/import\i
mport.sty
Package: import 2020/04/01  v 6.2
)
(C:\Users\ASUS.LAPTOP-VD84FH9U\AppData\Local\Programs\MiKTeX\tex/latex/ulem\ule
m.sty
\UL@box=\box61
\UL@hyphenbox=\box62
\UL@skip=\skip68
\UL@hook=\toks32
\UL@height=\dimen199
\UL@pe=\count300
\UL@pixel=\dimen256
\ULC@box=\box63
Package: ulem 2019/11/18
\ULdepth=\dimen257
)
(C:\Users\ASUS.LAPTOP-VD84FH9U\AppData\Local\Programs\MiKTeX\tex/latex/csquotes
\csquotes.sty
Package: csquotes 2021-02-22 v5.2l context-sensitive quotations (JAW)
\csq@reset=\count301
\csq@gtype=\count302
\csq@glevel=\count303
\csq@qlevel=\count304
\csq@maxlvl=\count305
\csq@tshold=\count306
\csq@ltx@everypar=\toks33

(C:\Users\ASUS.LAPTOP-VD84FH9U\AppData\Local\Programs\MiKTeX\tex/latex/csquotes
\csquotes.def
File: csquotes.def 2021-02-22 v5.2l csquotes generic definitions (JAW)
)
Package csquotes Info: Trying to load configuration file 'csquotes.cfg'...
Package csquotes Info: ... configuration file loaded successfully.

(C:\Users\ASUS.LAPTOP-VD84FH9U\AppData\Local\Programs\MiKTeX\tex/latex/csquotes
\csquotes.cfg
File: csquotes.cfg 
)
Package csquotes Info: Enabling multilingual quotes.
Package csquotes Info: Redefining alias 'english' -> 'english/american'.
)
(C:\Users\ASUS.LAPTOP-VD84FH9U\AppData\Local\Programs\MiKTeX\tex/latex/ragged2e
\ragged2e.sty
Package: ragged2e 2021/02/05 v3.0 ragged2e Package

(C:\Users\ASUS.LAPTOP-VD84FH9U\AppData\Local\Programs\MiKTeX\tex/latex/everysel
\everysel.sty
Package: everysel 2021/01/20 v2.1 EverySelectfont Package (MS)

(C:\Users\ASUS.LAPTOP-VD84FH9U\AppData\Local\Programs\MiKTeX\tex/latex/everysel
\everysel-2011-10-28.sty))
\CenteringLeftskip=\skip69
\RaggedLeftLeftskip=\skip70
\RaggedRightLeftskip=\skip71
\CenteringRightskip=\skip72
\RaggedLeftRightskip=\skip73
\RaggedRightRightskip=\skip74
\CenteringParfillskip=\skip75
\RaggedLeftParfillskip=\skip76
\RaggedRightParfillskip=\skip77
\JustifyingParfillskip=\skip78
\CenteringParindent=\skip79
\RaggedLeftParindent=\skip80
\RaggedRightParindent=\skip81
\JustifyingParindent=\skip82
)
(C:\Users\ASUS.LAPTOP-VD84FH9U\AppData\Local\Programs\MiKTeX\tex/latex/setspace
\setspace.sty
Package: setspace 2011/12/19 v6.7a set line spacing
)
(C:\Users\ASUS.LAPTOP-VD84FH9U\AppData\Local\Programs\MiKTeX\tex/latex/amsmath\
amsmath.sty
Package: amsmath 2020/09/23 v2.17i AMS math features
\@mathmargin=\skip83

For additional information on amsmath, use the `?' option.

(C:\Users\ASUS.LAPTOP-VD84FH9U\AppData\Local\Programs\MiKTeX\tex/latex/amsmath\
amstext.sty
Package: amstext 2000/06/29 v2.01 AMS text

(C:\Users\ASUS.LAPTOP-VD84FH9U\AppData\Local\Programs\MiKTeX\tex/latex/amsmath\
amsgen.sty
File: amsgen.sty 1999/11/30 v2.0 generic functions
\@emptytoks=\toks34
\ex@=\dimen258
))
(C:\Users\ASUS.LAPTOP-VD84FH9U\AppData\Local\Programs\MiKTeX\tex/latex/amsmath\
amsbsy.sty
Package: amsbsy 1999/11/29 v1.2d Bold Symbols
\pmbraise@=\dimen259
)
(C:\Users\ASUS.LAPTOP-VD84FH9U\AppData\Local\Programs\MiKTeX\tex/latex/amsmath\
amsopn.sty
Package: amsopn 2016/03/08 v2.02 operator names
)
\inf@bad=\count307
LaTeX Info: Redefining \frac on input line 234.
\uproot@=\count308
\leftroot@=\count309
LaTeX Info: Redefining \overline on input line 399.
\classnum@=\count310
\DOTSCASE@=\count311
LaTeX Info: Redefining \ldots on input line 496.
LaTeX Info: Redefining \dots on input line 499.
LaTeX Info: Redefining \cdots on input line 620.
\Mathstrutbox@=\box64
\strutbox@=\box65
\big@size=\dimen260
LaTeX Font Info:    Redeclaring font encoding OML on input line 743.
LaTeX Font Info:    Redeclaring font encoding OMS on input line 744.
\macc@depth=\count312
\c@MaxMatrixCols=\count313
\dotsspace@=\muskip17
\c@parentequation=\count314
\dspbrk@lvl=\count315
\tag@help=\toks35
\row@=\count316
\column@=\count317
\maxfields@=\count318
\andhelp@=\toks36
\eqnshift@=\dimen261
\alignsep@=\dimen262
\tagshift@=\dimen263
\tagwidth@=\dimen264
\totwidth@=\dimen265
\lineht@=\dimen266
\@envbody=\toks37
\multlinegap=\skip84
\multlinetaggap=\skip85
\mathdisplay@stack=\toks38
LaTeX Info: Redefining \[ on input line 2923.
LaTeX Info: Redefining \] on input line 2924.
)
(C:\Users\ASUS.LAPTOP-VD84FH9U\AppData\Local\Programs\MiKTeX\tex/latex/amsfonts
\amsfonts.sty
Package: amsfonts 2013/01/14 v3.01 Basic AMSFonts support
\symAMSa=\mathgroup4
\symAMSb=\mathgroup5
LaTeX Font Info:    Redeclaring math symbol \hbar on input line 98.
LaTeX Font Info:    Overwriting math alphabet `\mathfrak' in version `bold'
(Font)                  U/euf/m/n --> U/euf/b/n on input line 106.
)
(C:\Users\ASUS.LAPTOP-VD84FH9U\AppData\Local\Programs\MiKTeX\tex/latex/amsfonts
\amssymb.sty
Package: amssymb 2013/01/14 v3.01 AMS font symbols
)
(C:\Users\ASUS.LAPTOP-VD84FH9U\AppData\Local\Programs\MiKTeX\tex/latex/latex-to
ols\array.sty
Package: array 2020/10/01 v2.5c Tabular extension package (FMi)
\col@sep=\dimen267
\ar@mcellbox=\box66
\extrarowheight=\dimen268
\NC@list=\toks39
\extratabsurround=\skip86
\backup@length=\skip87
\ar@cellbox=\box67
)
(C:\Users\ASUS.LAPTOP-VD84FH9U\AppData\Local\Programs\MiKTeX\tex/latex/base\tex
tcomp.sty
Package: textcomp 2020/02/02 v2.0n Standard LaTeX package
)
(C:\Users\ASUS.LAPTOP-VD84FH9U\AppData\Local\Programs\MiKTeX\tex/latex/svg\svg.
sty
Package: svg 2020/11/26 v2.02k (include SVG pictures)

(C:\Users\ASUS.LAPTOP-VD84FH9U\AppData\Local\Programs\MiKTeX\tex/latex/koma-scr
ipt\scrbase.sty
Package: scrbase 2021/06/25 v3.34 KOMA-Script package (KOMA-Script-independent 
basics and keyval usage)

(C:\Users\ASUS.LAPTOP-VD84FH9U\AppData\Local\Programs\MiKTeX\tex/latex/koma-scr
ipt\scrlfile.sty
Package: scrlfile 2021/06/25 v3.34 KOMA-Script package (file load hooks)

(C:\Users\ASUS.LAPTOP-VD84FH9U\AppData\Local\Programs\MiKTeX\tex/latex/koma-scr
ipt\scrlfile-hook.sty
Package: scrlfile-hook 2021/06/25 v3.34 KOMA-Script package (using LaTeX hooks)


LaTeX3 Info: Defining command \BeforeFile with sig. 'm' on line 75.


LaTeX3 Info: Defining command \AfterFile with sig. 'm' on line 79.


LaTeX3 Info: Defining command \BeforeClass with sig. 'm' on line 83.


LaTeX3 Info: Defining command \BeforePackage with sig. 'm' on line 87.


LaTeX3 Info: Defining command \AfterAtEndOfClass with sig. 'smo+m' on line 97.


LaTeX3 Info: Defining command \AfterAtEndOfPackage with sig. 'smo+m' on line
(LaTeX3)     107.


LaTeX3 Info: Defining command \scrlfile@AfterClass with sig. 'smo+m' on line
(LaTeX3)     187.


LaTeX3 Info: Defining command \AfterClass with sig. '' on line 188.


LaTeX3 Info: Defining command \scrlfile@AfterPackage with sig. 'smo+m' on line
(LaTeX3)     205.


LaTeX3 Info: Defining command \AfterPackage with sig. '' on line 206.


LaTeX3 Info: Defining command \ReplaceInput with sig. '' on line 207.


LaTeX3 Info: Defining command \ReplaceClass with sig. 'mm' on line 210.


LaTeX3 Info: Defining command \ReplacePackage with sig. 'mm' on line 213.


LaTeX3 Info: Defining command \UnReplaceInput with sig. '' on line 214.


LaTeX3 Info: Defining command \UnReplaceClass with sig. 'm' on line 217.


LaTeX3 Info: Defining command \UnReplacePackage with sig. 'mm' on line 220.


LaTeX3 Info: Defining command \PreventPackageFromLoading with sig. 's+om' on
(LaTeX3)     line 248.


LaTeX3 Info: Defining command \StorePreventPackageFromLoading with sig. 'm' on
(LaTeX3)     line 256.


LaTeX3 Info: Defining command \ResetPreventPackageFromLoading with sig. '' on
(LaTeX3)     line 261.


LaTeX3 Info: Defining command \UnPreventPackageFromLoading with sig. 'sm' on
(LaTeX3)     line 275.


LaTeX3 Info: Defining command \BeforeClosingMainAux with sig. 'om' on line
(LaTeX3)     288.


LaTeX3 Info: Defining command \AfterReadingMainAux with sig. 'om' on line 301.


LaTeX3 Info: Defining command \protected@immediate@write with sig. 'm+m+m' on
(LaTeX3)     line 312.


(C:\Users\ASUS.LAPTOP-VD84FH9U\AppData\Local\Programs\MiKTeX\tex/latex/koma-scr
ipt\scrlogo.sty
Package: scrlogo 2021/06/25 v3.34 KOMA-Script package (logo)
)))
Skipping: [2021/05/01] Usage of raw or classic option list on input line 252.
Applying: [0000/00/00] Usage of raw or classic option list on input line 368.
)
(C:\Users\ASUS.LAPTOP-VD84FH9U\AppData\Local\Programs\MiKTeX\tex/latex/trimspac
es\trimspaces.sty
Package: trimspaces 2009/09/17 v1.1 Trim spaces around a token list
)
(C:\Users\ASUS.LAPTOP-VD84FH9U\AppData\Local\Programs\MiKTeX\tex/latex/latex-to
ols\shellesc.sty
Package: shellesc 2019/11/08 v1.0c unified shell escape interface for LaTeX
Package shellesc Info: Restricted shell escape enabled on input line 77.
)
\c@svg@param@lastpage=\count319
\svg@box=\box68
\c@svg@param@currpage=\count320
)
(C:\Users\ASUS.LAPTOP-VD84FH9U\AppData\Local\Programs\MiKTeX\tex/latex/transpar
ent\transparent.sty
Package: transparent 2019/11/29 v1.4 Transparency via pdfTeX's color stack (HO)

)
(C:\Users\ASUS.LAPTOP-VD84FH9U\AppData\Local\Programs\MiKTeX\tex/latex/float\fl
oat.sty
Package: float 2001/11/08 v1.3d Float enhancements (AL)
\c@float@type=\count321
\float@exts=\toks40
\float@box=\box69
\@float@everytoks=\toks41
\@floatcapt=\box70
)
(C:\Users\ASUS.LAPTOP-VD84FH9U\AppData\Local\Programs\MiKTeX\tex/latex/graphics
\rotating.sty
Package: rotating 2016/08/11 v2.16d rotated objects in LaTeX
\c@r@tfl@t=\count322
\rotFPtop=\skip88
\rotFPbot=\skip89
\rot@float@box=\box71
\rot@mess@toks=\toks42
)
(C:\Users\ASUS.LAPTOP-VD84FH9U\AppData\Local\Programs\MiKTeX\tex/latex/latex-to
ols\tabularx.sty
Package: tabularx 2020/01/15 v2.11c `tabularx' package (DPC)
\TX@col@width=\dimen269
\TX@old@table=\dimen270
\TX@old@col=\dimen271
\TX@target=\dimen272
\TX@delta=\dimen273
\TX@cols=\count323
\TX@ftn=\toks43
)
(C:\Users\ASUS.LAPTOP-VD84FH9U\AppData\Local\Programs\MiKTeX\tex/latex/booktabs
\booktabs.sty
Package: booktabs 2020/01/12 v1.61803398 Publication quality tables
\heavyrulewidth=\dimen274
\lightrulewidth=\dimen275
\cmidrulewidth=\dimen276
\belowrulesep=\dimen277
\belowbottomsep=\dimen278
\aboverulesep=\dimen279
\abovetopsep=\dimen280
\cmidrulesep=\dimen281
\cmidrulekern=\dimen282
\defaultaddspace=\dimen283
\@cmidla=\count324
\@cmidlb=\count325
\@aboverulesep=\dimen284
\@belowrulesep=\dimen285
\@thisruleclass=\count326
\@lastruleclass=\count327
\@thisrulewidth=\dimen286
)
(C:\Users\ASUS.LAPTOP-VD84FH9U\AppData\Local\Programs\MiKTeX\tex/latex/multirow
\multirow.sty
Package: multirow 2021/03/15 v2.8 Span multiple rows of a table
\multirow@colwidth=\skip90
\multirow@cntb=\count328
\multirow@dima=\skip91
\bigstrutjot=\dimen287
)
(C:\Users\ASUS.LAPTOP-VD84FH9U\AppData\Local\Programs\MiKTeX\tex/latex/caption\
caption.sty
Package: caption 2020/10/26 v3.5g Customizing captions (AR)

(C:\Users\ASUS.LAPTOP-VD84FH9U\AppData\Local\Programs\MiKTeX\tex/latex/caption\
caption3.sty
Package: caption3 2020/10/21 v2.2e caption3 kernel (AR)
\captionmargin=\dimen288
\captionmargin@=\dimen289
\captionwidth=\dimen290
\caption@tempdima=\dimen291
\caption@indent=\dimen292
\caption@parindent=\dimen293
\caption@hangindent=\dimen294
Package caption Info: Standard document class detected.
)
\c@caption@flags=\count329
\c@continuedfloat=\count330
Package caption Info: float package is loaded.
Package caption Info: hyperref package is loaded.
Package caption Info: rotating package is loaded.
)
(C:\Users\ASUS.LAPTOP-VD84FH9U\AppData\Local\Programs\MiKTeX\tex/latex/capt-of\
capt-of.sty
Package: capt-of 2009/12/29 v0.2 standard captions outside of floats
)
(C:\Users\ASUS.LAPTOP-VD84FH9U\AppData\Local\Programs\MiKTeX\tex/latex/wrapfig\
wrapfig.sty
\wrapoverhang=\dimen295
\WF@size=\dimen296
\c@WF@wrappedlines=\count331
\WF@box=\box72
\WF@everypar=\toks44
Package: wrapfig 2003/01/31  v 3.6
)
(C:\Users\ASUS.LAPTOP-VD84FH9U\AppData\Local\Programs\MiKTeX\tex/latex/geometry
\geometry.sty
Package: geometry 2020/01/02 v5.9 Page Geometry

(C:\Users\ASUS.LAPTOP-VD84FH9U\AppData\Local\Programs\MiKTeX\tex/generic/iftex\
ifvtex.sty
Package: ifvtex 2019/10/25 v1.7 ifvtex legacy package. Use iftex instead.
)
\Gm@cnth=\count332
\Gm@cntv=\count333
\c@Gm@tempcnt=\count334
\Gm@bindingoffset=\dimen297
\Gm@wd@mp=\dimen298
\Gm@odd@mp=\dimen299
\Gm@even@mp=\dimen300
\Gm@layoutwidth=\dimen301
\Gm@layoutheight=\dimen302
\Gm@layouthoffset=\dimen303
\Gm@layoutvoffset=\dimen304
\Gm@dimlist=\toks45

(C:\Users\ASUS.LAPTOP-VD84FH9U\AppData\Local\Programs\MiKTeX\tex/latex/geometry
\geometry.cfg))
(C:\Users\ASUS.LAPTOP-VD84FH9U\AppData\Local\Programs\MiKTeX\tex/latex/pdflscap
e\pdflscape.sty
Package: pdflscape 2019/12/05 v0.12 Display of landscape pages in PDF (HO)

(C:\Users\ASUS.LAPTOP-VD84FH9U\AppData\Local\Programs\MiKTeX\tex/latex/graphics
\lscape.sty
Package: lscape 2020/05/28 v3.02 Landscape Pages (DPC)
)
Package pdflscape Info: Auto-detected driver: pdftex on input line 81.
)
(C:\Users\ASUS.LAPTOP-VD84FH9U\AppData\Local\Programs\MiKTeX\tex/latex/datetime
\datetime.sty
Package: datetime 2015/03/20 v2.60 Date Time Package

(C:\Users\ASUS.LAPTOP-VD84FH9U\AppData\Local\Programs\MiKTeX\tex/latex/fmtcount
\fmtcount.sty
Package: fmtcount 2020/01/30 v3.07

(C:\Users\ASUS.LAPTOP-VD84FH9U\AppData\Local\Programs\MiKTeX\tex/latex/fmtcount
\fcprefix.sty
Package: fcprefix 2012/09/28

(C:\Users\ASUS.LAPTOP-VD84FH9U\AppData\Local\Programs\MiKTeX\tex/latex/fmtcount
\fcnumparser.sty
Package: fcnumparser 2017/06/15
\fc@digit@counter=\count335
))
\c@padzeroesN=\count336
\fc@tmpcatcode=\count337

(C:\Users\ASUS.LAPTOP-VD84FH9U\AppData\Local\Programs\MiKTeX\tex/latex/fmtcount
\fc-english.def
File: fc-english.def 2016/01/12
)
(C:\Users\ASUS.LAPTOP-VD84FH9U\AppData\Local\Programs\MiKTeX\tex/latex/fmtcount
\fc-ngerman.def
File: fc-ngerman.def 2012/06/18

(C:\Users\ASUS.LAPTOP-VD84FH9U\AppData\Local\Programs\MiKTeX\tex/latex/fmtcount
\fc-german.def
File: fc-german.def 2018/06/17

(C:\Users\ASUS.LAPTOP-VD84FH9U\AppData\Local\Programs\MiKTeX\tex/latex/fmtcount
\fc-germanb.def
File: fc-germanb.def 2013/08/17
))
(C:\Users\ASUS.LAPTOP-VD84FH9U\AppData\Local\Programs\MiKTeX\tex/latex/fmtcount
\fc-ngermanb.def
File: fc-ngermanb.def 2013/08/17
))
\@DT@modctr=\count338
\@ordinalctr=\count339
\@orgargctr=\count340
\@strctr=\count341
\@tmpstrctr=\count342
\@DT@loopN=\count343
\@DT@X=\count344
)
(C:\Users\ASUS.LAPTOP-VD84FH9U\AppData\Local\Programs\MiKTeX\tex/latex/datetime
\datetime-defaults.sty
Package: datetime-defaults 2013/09/10
)
\@day=\count345
\@month=\count346
\@year=\count347
\c@HOUR=\count348
\c@HOURXII=\count349
\c@MINUTE=\count350
\c@TOHOUR=\count351
\c@TOMINUTE=\count352
\c@SECOND=\count353
\currenthour=\count354
\currentminute=\count355
\currentsecond=\count356
Package datetime Info: No datetime.cfg file found, using default settings on in
put line 308.
\@dtctr=\count357
\dayofyear=\count358
\dayofweek=\count359
LaTeX Info: Redefining \today on input line 736.

(C:\Users\ASUS.LAPTOP-VD84FH9U\AppData\Local\Programs\MiKTeX\tex/latex/datetime
\dt-ngerman.def
File: dt-ngerman.def 2013/09/10
LaTeX Info: Redefining \datengerman on input line 86.
)
\dt@a=\toks46
\dt@b=\toks47
)
(C:\Users\ASUS.LAPTOP-VD84FH9U\AppData\Local\Programs\MiKTeX\tex/latex/tocloft\
tocloft.sty
Package: tocloft 2017/08/31 v2.3i parameterised ToC, etc., typesetting
Package tocloft Info: The document has chapter divisions on input line 51.
\cftparskip=\skip92
\cftbeforetoctitleskip=\skip93
\cftaftertoctitleskip=\skip94
\cftbeforepartskip=\skip95
\cftpartnumwidth=\skip96
\cftpartindent=\skip97


! LaTeX Error: Command \l@chapter undefined.

See the LaTeX manual or LaTeX Companion for explanation.
Type  H <return>  for immediate help.
 ...                                              
                                                  
l.272 \renewcommand*{\l@chapter}
                                [2]{%
Try typing  <return>  to proceed.
If that doesn't work, type  X <return>  to quit.

\cftbeforechapskip=\skip98
\cftchapindent=\skip99
\cftchapnumwidth=\skip100
\cftbeforesecskip=\skip101
\cftsecindent=\skip102
\cftsecnumwidth=\skip103
\cftbeforesubsecskip=\skip104
\cftsubsecindent=\skip105
\cftsubsecnumwidth=\skip106
\cftbeforesubsubsecskip=\skip107
\cftsubsubsecindent=\skip108
\cftsubsubsecnumwidth=\skip109
\cftbeforeparaskip=\skip110
\cftparaindent=\skip111
\cftparanumwidth=\skip112
\cftbeforesubparaskip=\skip113
\cftsubparaindent=\skip114
\cftsubparanumwidth=\skip115
\cftbeforeloftitleskip=\skip116
\cftafterloftitleskip=\skip117
\cftbeforefigskip=\skip118
\cftfigindent=\skip119
\cftfignumwidth=\skip120
\c@lofdepth=\count360
\c@lotdepth=\count361
\cftbeforelottitleskip=\skip121
\cftafterlottitleskip=\skip122
\cftbeforetabskip=\skip123
\cfttabindent=\skip124
\cfttabnumwidth=\skip125
)
(C:\Users\ASUS.LAPTOP-VD84FH9U\AppData\Local\Programs\MiKTeX\tex/latex/listings
\listings.sty
\lst@mode=\count362
\lst@gtempboxa=\box73
\lst@token=\toks48
\lst@length=\count363
\lst@currlwidth=\dimen305
\lst@column=\count364
\lst@pos=\count365
\lst@lostspace=\dimen306
\lst@width=\dimen307
\lst@newlines=\count366
\lst@lineno=\count367
\lst@maxwidth=\dimen308

(C:\Users\ASUS.LAPTOP-VD84FH9U\AppData\Local\Programs\MiKTeX\tex/latex/listings
\lstmisc.sty
File: lstmisc.sty 2020/03/24 1.8d (Carsten Heinz)
\c@lstnumber=\count368
\lst@skipnumbers=\count369
\lst@framebox=\box74
)
(C:\Users\ASUS.LAPTOP-VD84FH9U\AppData\Local\Programs\MiKTeX\tex/latex/listings
\listings.cfg
File: listings.cfg 2020/03/24 1.8d listings configuration
))
Package: listings 2020/03/24 1.8d (Carsten Heinz)

(C:\Users\ASUS.LAPTOP-VD84FH9U\AppData\Local\Programs\MiKTeX\tex/latex/listings
\lstlang1.sty
File: lstlang1.sty 2020/03/24 1.8d listings language file
)
(C:\Users\ASUS.LAPTOP-VD84FH9U\AppData\Local\Programs\MiKTeX\tex/latex/listings
\lstlang1.sty
File: lstlang1.sty 2020/03/24 1.8d listings language file
)
(C:\Users\ASUS.LAPTOP-VD84FH9U\AppData\Local\Programs\MiKTeX\tex/latex/listings
\lstmisc.sty
File: lstmisc.sty 2020/03/24 1.8d (Carsten Heinz)
))
Package csquotes Info: Checking for multilingual support...
Package csquotes Info: ... found 'babel' package.

(C:\Users\ASUS.LAPTOP-VD84FH9U\AppData\Local\Programs\MiKTeX\tex/latex/l3backen
d\l3backend-pdftex.def
File: l3backend-pdftex.def 2021-02-18 L3 backend support: PDF output (pdfTeX)
\l__color_backend_stack_int=\count370
\l__pdf_internal_box=\box75
) (main.aux)
\openout1 = `main.aux'.

LaTeX Font Info:    Checking defaults for OML/cmm/m/it on input line 3.
LaTeX Font Info:    ... okay on input line 3.
LaTeX Font Info:    Checking defaults for OMS/cmsy/m/n on input line 3.
LaTeX Font Info:    ... okay on input line 3.
LaTeX Font Info:    Checking defaults for OT1/cmr/m/n on input line 3.
LaTeX Font Info:    ... okay on input line 3.
LaTeX Font Info:    Checking defaults for T1/cmr/m/n on input line 3.
LaTeX Font Info:    ... okay on input line 3.
LaTeX Font Info:    Checking defaults for TS1/cmr/m/n on input line 3.
LaTeX Font Info:    ... okay on input line 3.
LaTeX Font Info:    Checking defaults for OMX/cmex/m/n on input line 3.
LaTeX Font Info:    ... okay on input line 3.
LaTeX Font Info:    Checking defaults for U/cmr/m/n on input line 3.
LaTeX Font Info:    ... okay on input line 3.
LaTeX Font Info:    Checking defaults for PD1/pdf/m/n on input line 3.
LaTeX Font Info:    ... okay on input line 3.
LaTeX Font Info:    Checking defaults for PU/pdf/m/n on input line 3.
LaTeX Font Info:    ... okay on input line 3.
Package hyperref Info: Link coloring ON on input line 3.

(C:\Users\ASUS.LAPTOP-VD84FH9U\AppData\Local\Programs\MiKTeX\tex/latex/hyperref
\nameref.sty
Package: nameref 2021-04-02 v2.47 Cross-referencing by name of section

(C:\Users\ASUS.LAPTOP-VD84FH9U\AppData\Local\Programs\MiKTeX\tex/generic/gettit
lestring\gettitlestring.sty
Package: gettitlestring 2019/12/15 v1.6 Cleanup title references (HO)
)
\c@section@level=\count371
)
LaTeX Info: Redefining \ref on input line 3.
LaTeX Info: Redefining \pageref on input line 3.
LaTeX Info: Redefining \nameref on input line 3.
 (main.out) (main.out)
\@outlinefile=\write5
\openout5 = `main.out'.


(C:\Users\ASUS.LAPTOP-VD84FH9U\AppData\Local\Programs\MiKTeX\tex/context/base/m
kii\supp-pdf.mkii
[Loading MPS to PDF converter (version 2006.09.02).]
\scratchcounter=\count372
\scratchdimen=\dimen309
\scratchbox=\box76
\nofMPsegments=\count373
\nofMParguments=\count374
\everyMPshowfont=\toks49
\MPscratchCnt=\count375
\MPscratchDim=\dimen310
\MPnumerator=\count376
\makeMPintoPDFobject=\count377
\everyMPtoPDFconversion=\toks50
)
(C:\Users\ASUS.LAPTOP-VD84FH9U\AppData\Local\Programs\MiKTeX\tex/latex/epstopdf
-pkg\epstopdf-base.sty
Package: epstopdf-base 2020-01-24 v2.11 Base part for package epstopdf
Package epstopdf-base Info: Redefining graphics rule for `.eps' on input line 4
85.
)
Package soulpos Info: Loading soulutf8 on input line 3.

(C:\Users\ASUS.LAPTOP-VD84FH9U\AppData\Local\Programs\MiKTeX\tex/generic/soulut
f8\soulutf8.sty
Package: soulutf8 2019/12/15 v1.2 Permit use of UTF-8 characters in soul (HO)

(C:\Users\ASUS.LAPTOP-VD84FH9U\AppData\Local\Programs\MiKTeX\tex/generic/soul\s
oul.sty
Package: soul 2003/11/17 v2.4 letterspacing/underlining (mf)
\SOUL@word=\toks51
\SOUL@lasttoken=\toks52
\SOUL@cmds=\toks53
\SOUL@buffer=\toks54
\SOUL@token=\toks55
\SOUL@spaceskip=\skip126
\SOUL@ttwidth=\dimen311
\SOUL@uldp=\dimen312
\SOUL@ulht=\dimen313
)) ABD: EverySelectfont initializing macros
LaTeX Info: Redefining \selectfont on input line 3.
Package caption Info: Begin \AtBeginDocument code.
Package caption Info: listings package is loaded.
Package caption Info: wrapfig package is loaded.
Package caption Info: End \AtBeginDocument code.

*geometry* driver: auto-detecting
*geometry* detected driver: pdftex
*geometry* verbose mode - [ preamble ] result:
* driver: pdftex
* paper: a4paper
* layout: <same size as paper>
* layoutoffset:(h,v)=(0.0pt,0.0pt)
* modes: 
* h-part:(L,W,R)=(85.35826pt, 455.24411pt, 56.9055pt)
* v-part:(T,H,B)=(71.13188pt, 702.78308pt, 71.13188pt)
* \paperwidth=597.50787pt
* \paperheight=845.04684pt
* \textwidth=455.24411pt
* \textheight=702.78308pt
* \oddsidemargin=13.08827pt
* \evensidemargin=13.08827pt
* \topmargin=-38.1381pt
* \headheight=12.0pt
* \headsep=25.0pt
* \topskip=10.0pt
* \footskip=30.0pt
* \marginparwidth=57.0pt
* \marginparsep=11.0pt
* \columnsep=10.0pt
* \skip\footins=9.0pt plus 4.0pt minus 2.0pt
* \hoffset=0.0pt
* \voffset=0.0pt
* \mag=1000
* \@twocolumnfalse
* \@twosidefalse
* \@mparswitchfalse
* \@reversemarginfalse
* (1in=72.27pt=25.4mm, 1cm=28.453pt)

\c@lstlisting=\count378
(main.toc
LaTeX Font Info:    Trying to load font information for U+msa on input line 2.

(C:\Users\ASUS.LAPTOP-VD84FH9U\AppData\Local\Programs\MiKTeX\tex/latex/amsfonts
\umsa.fd
File: umsa.fd 2013/01/14 v3.01 AMS symbols A
)
LaTeX Font Info:    Trying to load font information for U+msb on input line 2.

(C:\Users\ASUS.LAPTOP-VD84FH9U\AppData\Local\Programs\MiKTeX\tex/latex/amsfonts
\umsb.fd
File: umsb.fd 2013/01/14 v3.01 AMS symbols B
))
\tf@toc=\write6
\openout6 = `main.toc'.

 [1

\openout3 = `main.upa'.

{C:/Users/ASUS.LAPTOP-VD84FH9U/AppData/Local/MiKTeX/pdftex/config/pdftex.map}] 
(Notes/Bruteforce Optimizations/main.tex
(Notes/Bruteforce Optimizations/constrained-bruteforce.tex
LaTeX Font Info:    Trying to load font information for T1+cmtt on input line 6
.

(C:\Users\ASUS.LAPTOP-VD84FH9U\AppData\Local\Programs\MiKTeX\tex/latex/base\t1c
mtt.fd
File: t1cmtt.fd 2019/12/16 v2.5j Standard LaTeX font definitions
)) (Notes/Bruteforce Optimizations/meet-in-the-middle.tex)
(Notes/Bruteforce Optimizations/prefix-sum-optimization.tex)
(Notes/Bruteforce Optimizations/two-pointers.tex)) (Notes/Harmonic Series.tex
[1]
Package marginnote Info: Using workaround for absolute page number on input lin
e 4.
) (Notes/DP on trees.tex) [2]

LaTeX3 Info: Redefining command \BeforeClosingMainAux with sig. 'm' on line
(LaTeX3)     12.

 (main.aux
* soulpos - computing points - it may take a few seconds *
\openout3 = `main.upb'.

 (main.upa))
Package rerunfilecheck Info: File `main.out' has not changed.
(rerunfilecheck)             Checksum: 49932D136EB20EC8C5A68720DB42AD43;818.
 ) 
Here is how much of TeX's memory you used:
 32070 strings out of 479334
 605589 string characters out of 2849960
 1137893 words of memory out of 3000000
 48831 multiletter control sequences out of 15000+200000
 412051 words of font info for 46 fonts, out of 3000000 for 9000
 1141 hyphenation exceptions out of 8191
 143i,6n,144p,1172b,1958s stack positions out of 5000i,500n,10000p,200000b,50000s
 <C:\Users\ASUS.LAPTOP-VD84FH9U\AppData\Local\MiKTeX\fonts/pk/ljfour/jknappen
/ec/dpi600\ectt1000.pk> <C:\Users\ASUS.LAPTOP-VD84FH9U\AppData\Local\MiKTeX\fon
ts/pk/ljfour/jknappen/ec/dpi600\tcrm1000.pk> <C:\Users\ASUS.LAPTOP-VD84FH9U\App
Data\Local\MiKTeX\fonts/pk/ljfour/jknappen/ec/dpi600\ecbx1000.pk> <C:\Users\ASU
S.LAPTOP-VD84FH9U\AppData\Local\MiKTeX\fonts/pk/ljfour/jknappen/ec/dpi600\ecbx1
200.pk> <C:\Users\ASUS.LAPTOP-VD84FH9U\AppData\Local\MiKTeX\fonts/pk/ljfour/jkn
appen/ec/dpi600\ecbx1440.pk> <C:\Users\ASUS.LAPTOP-VD84FH9U\AppData\Local\MiKTe
X\fonts/pk/ljfour/jknappen/ec/dpi600\ecrm1000.pk> <C:\Users\ASUS.LAPTOP-VD84FH9
U\AppData\Local\MiKTeX\fonts/pk/ljfour/jknappen/ec/dpi600\ecbx2488.pk><C:/Users
/ASUS.LAPTOP-VD84FH9U/AppData/Local/Programs/MiKTeX/fonts/type1/public/amsfonts
/cm/cmex10.pfb><C:/Users/ASUS.LAPTOP-VD84FH9U/AppData/Local/Programs/MiKTeX/fon
ts/type1/public/amsfonts/cm/cmmi10.pfb><C:/Users/ASUS.LAPTOP-VD84FH9U/AppData/L
ocal/Programs/MiKTeX/fonts/type1/public/amsfonts/cm/cmmi7.pfb><C:/Users/ASUS.LA
PTOP-VD84FH9U/AppData/Local/Programs/MiKTeX/fonts/type1/public/amsfonts/cm/cmr1
0.pfb><C:/Users/ASUS.LAPTOP-VD84FH9U/AppData/Local/Programs/MiKTeX/fonts/type1/
public/amsfonts/cm/cmr7.pfb><C:/Users/ASUS.LAPTOP-VD84FH9U/AppData/Local/Progra
ms/MiKTeX/fonts/type1/public/amsfonts/cm/cmsy10.pfb>
Output written on main.pdf (3 pages, 120569 bytes).
PDF statistics:
 302 PDF objects out of 1000 (max. 8388607)
 22 named destinations out of 1000 (max. 500000)
 53 words of extra memory for PDF output out of 10000 (max. 10000000)

